<?xml version="1.0" encoding="UTF-8"?>
<!-- Generated by org.testng.reporters.JUnitXMLReporter -->
<testsuite hostname="ip-172-31-92-113" ignored="0" name="Command line test" tests="1" failures="1" timestamp="15 Feb 2020 15:54:13 GMT" time="0.219" errors="0">
  <testcase name="hello" time="0.154" classname="selenium.test">
    <failure type="java.lang.IllegalStateException" message="The driver executable does not exist: /home/ubuntu/jenkins">
      <![CDATA[java.lang.IllegalStateException: The driver executable does not exist: /home/ubuntu/jenkins
at com.google.common.base.Preconditions.checkState(Preconditions.java:585)
at org.openqa.selenium.remote.service.DriverService.checkExecutable(DriverService.java:146)
at org.openqa.selenium.remote.service.DriverService.findExecutable(DriverService.java:141)
at org.openqa.selenium.chrome.ChromeDriverService.access$000(ChromeDriverService.java:35)
at org.openqa.selenium.chrome.ChromeDriverService$Builder.findDefaultExecutable(ChromeDriverService.java:159)
at org.openqa.selenium.remote.service.DriverService$Builder.build(DriverService.java:355)
at org.openqa.selenium.chrome.ChromeDriverService.createDefaultService(ChromeDriverService.java:94)
at org.openqa.selenium.chrome.ChromeDriver.<init>(ChromeDriver.java:157)
at selenium.test.hello(test.java:20)
at selenium.test.main(test.java:34)
at org.eclipse.jdt.internal.jarinjarloader.JarRsrcLoader.main(JarRsrcLoader.java:61)
... Removed 26 stack frames]]>
    </failure>
  </testcase> <!-- hello -->
</testsuite> <!-- Command line test -->
